2019-08-07 16:18:36,115 - wordToVec.py[line:25] - INFO: input predict_model function，start time：1565165916.114987
2019-08-07 16:18:36,115 - utils.py[line:422] - INFO: loading Word2Vec object from word2vec.model
2019-08-07 16:18:36,411 - utils.py[line:456] - INFO: loading wv recursively from word2vec.model.wv.* with mmap=None
2019-08-07 16:18:36,412 - utils.py[line:461] - INFO: loading vectors from word2vec.model.wv.vectors.npy with mmap=None
2019-08-07 16:18:36,487 - utils.py[line:494] - INFO: setting ignored attribute vectors_norm to None
2019-08-07 16:18:36,487 - utils.py[line:456] - INFO: loading vocabulary recursively from word2vec.model.vocabulary.* with mmap=None
2019-08-07 16:18:36,488 - utils.py[line:456] - INFO: loading trainables recursively from word2vec.model.trainables.* with mmap=None
2019-08-07 16:18:36,488 - utils.py[line:461] - INFO: loading syn1neg from word2vec.model.trainables.syn1neg.npy with mmap=None
2019-08-07 16:18:36,547 - utils.py[line:494] - INFO: setting ignored attribute cum_table to None
2019-08-07 16:18:36,547 - utils.py[line:428] - INFO: loaded word2vec.model
2019-08-07 16:18:36,770 - keyedvectors.py[line:1353] - INFO: precomputing L2-norms of word weight vectors
2019-08-07 16:18:36,963 - wordToVec.py[line:77] - INFO: The similarity between 春天 and 季节 similarity is 0.4677288!
2019-08-07 16:18:36,963 - wordToVec.py[line:78] - INFO: 与 春天 相似度最高的词有：[('秋天', 0.7993432879447937), ('夏天', 0.7315700650215149), ('冬天', 0.686608076095581), ('春季', 0.6413245797157288), ('秋季', 0.6349400877952576), ('初夏', 0.6339393854141235), ('夏末', 0.6139287948608398), ('初秋', 0.6090084314346313), ('深秋', 0.597800612449646), ('初春', 0.5675381422042847)] !
2019-08-07 16:18:36,967 - wordToVec.py[line:83] - INFO: 季节 的词向量为：[ 0.0656636   2.897678   -2.5158362  -1.8293256   0.6360047  -0.3658765
  1.0318278   1.2949747   1.2799832   0.93957686  1.3327773   1.2221524
  0.9181216   1.1243268   0.30709594 -0.9864528   1.7462627  -1.487589
 -0.13996309  0.6375678   0.40487188  0.1634964   1.3780922  -1.214075
 -0.44645682  0.9140581   1.379093   -0.4412882  -0.58298373  2.388092
  0.41348192 -2.0223505  -3.4295764  -0.7057185   0.81630224 -0.02704445
  2.4028337  -1.2428964   0.46191582  0.86446756  1.173817   -0.32983157
  1.9297079   1.3806624   1.3854731  -0.83703774 -0.6450053   2.4653804
 -0.38018355  0.6664505   2.7953367   0.2600162  -4.580299    1.0891598
  2.067134    0.5596495  -1.061157   -2.5795808  -0.6190778  -0.6340186
  3.935305   -0.49829334 -1.8343512  -2.3929887   0.03178879  1.2355158
 -1.6502792   0.18589313  0.9323364   0.5764186  -0.4672238  -0.69499093
 -2.1671627   0.2185966   0.73602843  0.41367155  1.2316905   2.4050274
  1.4117504  -0.1674875  -2.304119    0.19916485 -2.2647066  -1.275636
 -1.1776294   0.829905   -1.0496113   0.05366401  0.73559844  0.369885
  3.202258   -2.2136865   0.8679994   0.869887    0.80287     0.79108316
 -0.08017147  1.5677894  -2.436224    1.1263299   1.089514   -0.30426645
  1.5036575  -0.5932251   0.6557714  -2.0335088  -0.57540846 -1.586289
 -0.4654204  -0.56897694 -0.54021305  1.1143767  -1.5739331   0.38682008
  2.4437413   0.17030266 -2.4892964  -1.7512462   2.2577085  -2.351179
 -1.0825222   0.26507062  1.0969263  -1.2882288  -2.0271626   0.4449278
 -0.84503084  1.5380609   0.36932305 -0.2254116   0.22879435  1.0290965
  0.8150931   0.69676834 -0.15835     0.28938925 -2.747409   -0.69443816
 -0.96419233  0.95385695 -0.27289063 -0.8780269   0.7574624   1.2692959
  1.0113511   0.09281077 -1.7073586   1.4848613  -0.20526664 -1.1713574
  0.17443591 -0.98788047 -0.73522246 -0.02021164 -1.3985229   1.186628
 -0.74308026 -0.06797744 -1.0721009  -0.24888258 -2.2478065   2.2390268
  0.20544055 -1.7852591  -2.5826974  -0.36738557  1.3788496   0.30495667
  1.0994815  -0.09249089 -1.4996462  -0.5844869   0.68303543 -0.6246125
  1.2380911  -0.15965077 -1.6770228  -2.138215    2.8954241  -2.3615346
 -0.39995304 -1.9142973   0.93142134  0.7253088  -1.4286617  -0.6925465
  2.7039444   0.96209794 -1.3874744   1.4107285   0.27076808  0.6072806
  1.2514348   0.8925336   1.1806614  -0.7702972  -0.8549192  -2.2151406
 -1.0032243  -0.17605904 -1.530332    0.52609503  0.45060185  0.3836922
 -0.56919277 -0.4710932   2.0720906   0.75835127 -1.9099323  -0.3145398
  2.0392687  -0.37635398  0.16765599  1.9606837  -1.4767784  -0.96935457
  0.02877881 -1.6590532  -0.5123      2.2713516   0.08670294  0.8111299
  0.3056634   1.4197118  -1.9592469  -0.98047113  0.8523354   0.25695136
  0.43725854  1.4380138  -0.96235    -0.31427342 -2.0508847  -0.9375843
 -0.09020273 -0.7641071   1.507154   -1.506695    0.8873311   2.032531
  1.3430171  -0.30434057  0.7291499   2.166904   -0.25908116 -1.0377008
  1.1537813  -3.0869803  -2.2702525   1.550474    1.5543671   3.1059904
 -1.0255804   2.7411804  -0.8772815   2.358534    0.9764507  -0.27588466
 -0.06517722 -0.12723227 -1.6502132   0.1806028   0.36879587  0.6349772
 -1.2471663  -2.33939     1.0177684  -1.3289055  -1.6992007  -0.14186215
 -0.99304086 -2.5716279  -0.36027893 -0.25372842 -2.129978    0.22110109
  2.8929892   1.939904   -0.1566691  -0.37834406 -1.1447718  -2.3763223
  0.63302255  1.1411479  -0.39946303 -1.0914148   1.4796013  -0.17248753
 -0.12646806  2.560126   -0.32799235 -0.06509503 -0.50725245 -0.38175842
 -2.5776026  -0.55439633  1.9305613   1.7199565   2.1232963   1.7212073 ] !
2019-08-07 16:18:37,011 - wordToVec.py[line:28] - INFO: predict_model function run end，this func spends：0.896420955657959 second
2019-08-07 16:18:37,011 - wordToVec.py[line:29] - INFO: ************************************************** spilt line **************************************************
